<?xml version="1.0" encoding="UTF-8"?>
<testsuite xmlns:xsi="http://www.w3.org/2001/XMLSchema-instance" xsi:noNamespaceSchemaLocation="https://maven.apache.org/surefire/maven-surefire-plugin/xsd/surefire-test-report.xsd" name="org.eclipse.leshan.integration.tests.ExecuteTest" time="0.486" tests="7" errors="0" skipped="0" failures="0">
  <properties>
    <property name="sun.desktop" value="gnome"/>
    <property name="awt.toolkit" value="sun.awt.X11.XToolkit"/>
    <property name="java.specification.version" value="10"/>
    <property name="file.encoding.pkg" value="sun.io"/>
    <property name="sun.cpu.isalist" value=""/>
    <property name="sun.jnu.encoding" value="UTF-8"/>
    <property name="java.class.path" value="/home/keyshav/ti/leshan/leshan-integration-tests/target/test-classes:/home/keyshav/ti/leshan/leshan-integration-tests/target/classes:/home/keyshav/ti/leshan/leshan-server-cf/target/leshan-server-cf-1.0.0-SNAPSHOT.jar:/home/keyshav/ti/leshan/leshan-core-cf/target/leshan-core-cf-1.0.0-SNAPSHOT.jar:/home/keyshav/ti/leshan/leshan-server-core/target/leshan-server-core-1.0.0-SNAPSHOT.jar:/home/keyshav/.m2/repository/org/eclipse/californium/californium-core/2.0.0-M12/californium-core-2.0.0-M12.jar:/home/keyshav/.m2/repository/org/eclipse/californium/scandium/2.0.0-M12/scandium-2.0.0-M12.jar:/home/keyshav/ti/leshan/leshan-server-cluster/target/leshan-server-cluster-1.0.0-SNAPSHOT.jar:/home/keyshav/ti/leshan/leshan-core/target/leshan-core-1.0.0-SNAPSHOT.jar:/home/keyshav/.m2/repository/redis/clients/jedis/2.8.0/jedis-2.8.0.jar:/home/keyshav/.m2/repository/org/apache/commons/commons-pool2/2.3/commons-pool2-2.3.jar:/home/keyshav/.m2/repository/com/eclipsesource/minimal-json/minimal-json/0.9.5/minimal-json-0.9.5.jar:/home/keyshav/.m2/repository/commons-cli/commons-cli/1.3.1/commons-cli-1.3.1.jar:/home/keyshav/ti/leshan/leshan-client-cf/target/leshan-client-cf-1.0.0-SNAPSHOT.jar:/home/keyshav/ti/leshan/leshan-client-core/target/leshan-client-core-1.0.0-SNAPSHOT.jar:/home/keyshav/.m2/repository/junit/junit/4.11/junit-4.11.jar:/home/keyshav/.m2/repository/org/hamcrest/hamcrest-core/1.3/hamcrest-core-1.3.jar:/home/keyshav/.m2/repository/ch/qos/logback/logback-classic/1.2.3/logback-classic-1.2.3.jar:/home/keyshav/.m2/repository/ch/qos/logback/logback-core/1.2.3/logback-core-1.2.3.jar:/home/keyshav/.m2/repository/org/slf4j/slf4j-api/1.7.25/slf4j-api-1.7.25.jar:/home/keyshav/.m2/repository/org/eclipse/californium/californium-core/2.0.0-M12/californium-core-2.0.0-M12-tests.jar:/home/keyshav/.m2/repository/org/eclipse/californium/element-connector/2.0.0-M12/element-connector-2.0.0-M12.jar:/home/keyshav/.m2/repository/org/eclipse/californium/element-connector/2.0.0-M12/element-connector-2.0.0-M12-tests.jar:"/>
    <property name="java.vm.vendor" value="Oracle Corporation"/>
    <property name="sun.arch.data.model" value="64"/>
    <property name="java.vendor.url" value="http://java.oracle.com/"/>
    <property name="user.timezone" value="Europe/Berlin"/>
    <property name="java.vm.specification.version" value="10"/>
    <property name="os.name" value="Linux"/>
    <property name="sun.java.launcher" value="SUN_STANDARD"/>
    <property name="user.country" value="US"/>
    <property name="sun.boot.library.path" value="/usr/lib/jvm/java-11-openjdk-amd64/lib"/>
    <property name="sun.java.command" value="/home/keyshav/ti/leshan/leshan-integration-tests/target/surefire/surefirebooter1814944203143886802.jar /home/keyshav/ti/leshan/leshan-integration-tests/target/surefire 2019-01-19T22-46-41_487-jvmRun1 surefire385945585921487305tmp surefire_010710638015856409236tmp"/>
    <property name="jdk.debug" value="release"/>
    <property name="surefire.test.class.path" value="/home/keyshav/ti/leshan/leshan-integration-tests/target/test-classes:/home/keyshav/ti/leshan/leshan-integration-tests/target/classes:/home/keyshav/ti/leshan/leshan-server-cf/target/leshan-server-cf-1.0.0-SNAPSHOT.jar:/home/keyshav/ti/leshan/leshan-core-cf/target/leshan-core-cf-1.0.0-SNAPSHOT.jar:/home/keyshav/ti/leshan/leshan-server-core/target/leshan-server-core-1.0.0-SNAPSHOT.jar:/home/keyshav/.m2/repository/org/eclipse/californium/californium-core/2.0.0-M12/californium-core-2.0.0-M12.jar:/home/keyshav/.m2/repository/org/eclipse/californium/scandium/2.0.0-M12/scandium-2.0.0-M12.jar:/home/keyshav/ti/leshan/leshan-server-cluster/target/leshan-server-cluster-1.0.0-SNAPSHOT.jar:/home/keyshav/ti/leshan/leshan-core/target/leshan-core-1.0.0-SNAPSHOT.jar:/home/keyshav/.m2/repository/redis/clients/jedis/2.8.0/jedis-2.8.0.jar:/home/keyshav/.m2/repository/org/apache/commons/commons-pool2/2.3/commons-pool2-2.3.jar:/home/keyshav/.m2/repository/com/eclipsesource/minimal-json/minimal-json/0.9.5/minimal-json-0.9.5.jar:/home/keyshav/.m2/repository/commons-cli/commons-cli/1.3.1/commons-cli-1.3.1.jar:/home/keyshav/ti/leshan/leshan-client-cf/target/leshan-client-cf-1.0.0-SNAPSHOT.jar:/home/keyshav/ti/leshan/leshan-client-core/target/leshan-client-core-1.0.0-SNAPSHOT.jar:/home/keyshav/.m2/repository/junit/junit/4.11/junit-4.11.jar:/home/keyshav/.m2/repository/org/hamcrest/hamcrest-core/1.3/hamcrest-core-1.3.jar:/home/keyshav/.m2/repository/ch/qos/logback/logback-classic/1.2.3/logback-classic-1.2.3.jar:/home/keyshav/.m2/repository/ch/qos/logback/logback-core/1.2.3/logback-core-1.2.3.jar:/home/keyshav/.m2/repository/org/slf4j/slf4j-api/1.7.25/slf4j-api-1.7.25.jar:/home/keyshav/.m2/repository/org/eclipse/californium/californium-core/2.0.0-M12/californium-core-2.0.0-M12-tests.jar:/home/keyshav/.m2/repository/org/eclipse/californium/element-connector/2.0.0-M12/element-connector-2.0.0-M12.jar:/home/keyshav/.m2/repository/org/eclipse/californium/element-connector/2.0.0-M12/element-connector-2.0.0-M12-tests.jar:"/>
    <property name="sun.cpu.endian" value="little"/>
    <property name="user.home" value="/home/keyshav"/>
    <property name="user.language" value="en"/>
    <property name="java.specification.vendor" value="Oracle Corporation"/>
    <property name="java.version.date" value="2018-07-17"/>
    <property name="java.home" value="/usr/lib/jvm/java-11-openjdk-amd64"/>
    <property name="file.separator" value="/"/>
    <property name="basedir" value="/home/keyshav/ti/leshan/leshan-integration-tests"/>
    <property name="java.vm.compressedOopsMode" value="32-bit"/>
    <property name="line.separator" value="&#10;"/>
    <property name="java.specification.name" value="Java Platform API Specification"/>
    <property name="java.vm.specification.vendor" value="Oracle Corporation"/>
    <property name="java.awt.graphicsenv" value="sun.awt.X11GraphicsEnvironment"/>
    <property name="logback.configurationFile" value="logback-test.xml"/>
    <property name="surefire.real.class.path" value="/home/keyshav/ti/leshan/leshan-integration-tests/target/surefire/surefirebooter1814944203143886802.jar"/>
    <property name="sun.management.compiler" value="HotSpot 64-Bit Tiered Compilers"/>
    <property name="java.runtime.version" value="10.0.2+13-Ubuntu-1ubuntu0.18.04.4"/>
    <property name="user.name" value="keyshav"/>
    <property name="path.separator" value=":"/>
    <property name="os.version" value="4.15.0-43-generic"/>
    <property name="java.runtime.name" value="OpenJDK Runtime Environment"/>
    <property name="file.encoding" value="UTF-8"/>
    <property name="java.vm.name" value="OpenJDK 64-Bit Server VM"/>
    <property name="localRepository" value="/home/keyshav/.m2/repository"/>
    <property name="java.vendor.url.bug" value="http://bugreport.java.com/bugreport/"/>
    <property name="java.io.tmpdir" value="/tmp"/>
    <property name="java.version" value="10.0.2"/>
    <property name="user.dir" value="/home/keyshav/ti/leshan/leshan-integration-tests"/>
    <property name="os.arch" value="amd64"/>
    <property name="java.vm.specification.name" value="Java Virtual Machine Specification"/>
    <property name="java.awt.printerjob" value="sun.print.PSPrinterJob"/>
    <property name="sun.os.patch.level" value="unknown"/>
    <property name="java.library.path" value="/usr/java/packages/lib:/usr/lib/x86_64-linux-gnu/jni:/lib/x86_64-linux-gnu:/usr/lib/x86_64-linux-gnu:/usr/lib/jni:/lib:/usr/lib"/>
    <property name="java.vendor" value="Oracle Corporation"/>
    <property name="java.vm.info" value="mixed mode"/>
    <property name="java.vm.version" value="10.0.2+13-Ubuntu-1ubuntu0.18.04.4"/>
    <property name="sun.io.unicode.encoding" value="UnicodeLittle"/>
    <property name="java.class.version" value="54.0"/>
  </properties>
  <testcase name="can_execute_resource" classname="org.eclipse.leshan.integration.tests.ExecuteTest" time="0.178"/>
  <testcase name="cannot_execute_nonexisting_resource_on_non_existing_object" classname="org.eclipse.leshan.integration.tests.ExecuteTest" time="0.072"/>
  <testcase name="can_execute_resource_with_parameters" classname="org.eclipse.leshan.integration.tests.ExecuteTest" time="0.046"/>
  <testcase name="cannot_execute_security_object" classname="org.eclipse.leshan.integration.tests.ExecuteTest" time="0.044"/>
  <testcase name="cannot_execute_read_only_resource" classname="org.eclipse.leshan.integration.tests.ExecuteTest" time="0.041"/>
  <testcase name="cannot_execute_nonexisting_resource_on_existing_object" classname="org.eclipse.leshan.integration.tests.ExecuteTest" time="0.044"/>
  <testcase name="cannot_execute_read_write_resource" classname="org.eclipse.leshan.integration.tests.ExecuteTest" time="0.06"/>
</testsuite>